<?xml version="1.0" encoding="UTF-8"?>
<!-- Generated by org.testng.reporters.JUnitXMLReporter -->
<testsuite ignored="4" hostname="RajaBalaji" failures="2" tests="2" name="TestRunner-2" time="20.009" errors="0" timestamp="2024-05-23T13:01:06 IST">
  <testcase classname="com.Vtiger.OrganizationTest.CreateOrganizationWithIndustryTypeDropDownTest" name="toCreateContactWithIndustry" time="0.0">
    <failure type="java.lang.NullPointerException" message="Cannot invoke &amp;quot;com.aventstack.extentreports.ExtentReports.createTest(String)&amp;quot; because &amp;quot;this.report&amp;quot; is null">
      <![CDATA[java.lang.NullPointerException: Cannot invoke "com.aventstack.extentreports.ExtentReports.createTest(String)" because "this.report" is null
at com.vtiger.listenerutility.ListenerImplementationClass.onTestStart(ListenerImplementationClass.java:59)
at java.base/java.util.ArrayList.forEach(ArrayList.java:1511)
at java.base/java.util.concurrent.FutureTask.run(FutureTask.java:264)
at java.base/java.util.concurrent.ThreadPoolExecutor.runWorker(ThreadPoolExecutor.java:1136)
at java.base/java.util.concurrent.ThreadPoolExecutor$Worker.run(ThreadPoolExecutor.java:635)
at java.base/java.lang.Thread.run(Thread.java:833)
... Removed 14 stack frames]]>
    </failure>
  </testcase> <!-- toCreateContactWithIndustry -->
  <testcase classname="com.Vtiger.OrganizationTest.CreateOrganizationWithIndustryTypeDropDownTest" name="toCreateContactWithIndustry" time="6.105">
    <failure type="java.lang.NullPointerException" message="Cannot invoke &amp;quot;com.aventstack.extentreports.ExtentTest.addScreenCaptureFromBase64String(String, String)&amp;quot; because &amp;quot;this.test&amp;quot; is null">
      <![CDATA[java.lang.NullPointerException: Cannot invoke "com.aventstack.extentreports.ExtentTest.addScreenCaptureFromBase64String(String, String)" because "this.test" is null
at com.vtiger.listenerutility.ListenerImplementationClass.onTestFailure(ListenerImplementationClass.java:79)
at java.base/java.util.ArrayList.forEach(ArrayList.java:1511)
at java.base/java.util.concurrent.FutureTask.run(FutureTask.java:264)
at java.base/java.util.concurrent.ThreadPoolExecutor.runWorker(ThreadPoolExecutor.java:1136)
at java.base/java.util.concurrent.ThreadPoolExecutor$Worker.run(ThreadPoolExecutor.java:635)
at java.base/java.lang.Thread.run(Thread.java:833)
... Removed 14 stack frames]]>
    </failure>
  </testcase> <!-- toCreateContactWithIndustry -->
  <testcase classname="com.vtiger.baseClassutility.BaseClass" name="@AfterSuite closeDatabaseConnectivity" time="0.0">
    <ignored/>
  </testcase> <!-- @AfterSuite closeDatabaseConnectivity -->
  <testcase classname="com.vtiger.baseClassutility.BaseClass" name="@AfterSuite closeDatabaseConnectivity" time="0.0">
    <ignored/>
  </testcase> <!-- @AfterSuite closeDatabaseConnectivity -->
  <testcase classname="com.vtiger.baseClassutility.BaseClass" name="@BeforeSuite databaseConnectivity" time="0.0">
    <ignored/>
  </testcase> <!-- @BeforeSuite databaseConnectivity -->
  <testcase classname="com.vtiger.baseClassutility.BaseClass" name="@BeforeSuite databaseConnectivity" time="0.0">
    <ignored/>
  </testcase> <!-- @BeforeSuite databaseConnectivity -->
</testsuite> <!-- TestRunner-2 -->
