<?xml version="1.0" encoding="UTF-8"?>
<testng-results ignored="4" total="7" passed="3" failed="0" skipped="0">
  <reporter-output>
  </reporter-output>
  <suite started-at="2024-05-23T13:00:46 IST" name="Suite" finished-at="2024-05-23T13:02:01 IST" duration-ms="75414">
    <groups>
    </groups>
    <test started-at="2024-05-23T13:00:46 IST" name="Test" finished-at="2024-05-23T13:02:01 IST" duration-ms="75414">
      <class name="com.Vtiger.ContactTest.CreateContactWithOrganizationTest">
        <test-method is-config="true" signature="launchTheBrowser(java.lang.String)[pri:0, instance:com.Vtiger.ContactTest.CreateContactWithOrganizationTest@6743e411]" started-at="2024-05-23T13:01:14 IST" name="launchTheBrowser" finished-at="2024-05-23T13:01:15 IST" duration-ms="1424" status="PASS">
          <params>
            <param index="0">
              <value>
                <![CDATA[chrome]]>
              </value>
            </param>
          </params>
          <reporter-output>
          </reporter-output>
        </test-method> <!-- launchTheBrowser -->
        <test-method is-config="true" signature="toLogin()[pri:0, instance:com.Vtiger.ContactTest.CreateContactWithOrganizationTest@6743e411]" started-at="2024-05-23T13:01:15 IST" name="toLogin" finished-at="2024-05-23T13:01:21 IST" duration-ms="5745" status="PASS">
          <reporter-output>
          </reporter-output>
        </test-method> <!-- toLogin -->
        <test-method signature="toCreateContactWithOrganization()[pri:0, instance:com.Vtiger.ContactTest.CreateContactWithOrganizationTest@6743e411]" started-at="2024-05-23T13:01:21 IST" name="toCreateContactWithOrganization" finished-at="2024-05-23T13:01:37 IST" duration-ms="15941" status="PASS">
          <reporter-output>
          </reporter-output>
        </test-method> <!-- toCreateContactWithOrganization -->
        <test-method is-config="true" signature="toLogout()[pri:0, instance:com.Vtiger.ContactTest.CreateContactWithOrganizationTest@6743e411]" started-at="2024-05-23T13:01:37 IST" name="toLogout" finished-at="2024-05-23T13:01:39 IST" duration-ms="2379" status="PASS">
          <reporter-output>
          </reporter-output>
        </test-method> <!-- toLogout -->
        <test-method is-config="true" signature="toCloseBrowser()[pri:0, instance:com.Vtiger.ContactTest.CreateContactWithOrganizationTest@6743e411]" started-at="2024-05-23T13:01:39 IST" name="toCloseBrowser" finished-at="2024-05-23T13:01:39 IST" duration-ms="237" status="PASS">
          <reporter-output>
          </reporter-output>
        </test-method> <!-- toCloseBrowser -->
      </class> <!-- com.Vtiger.ContactTest.CreateContactWithOrganizationTest -->
      <class name="com.Vtiger.ContactTest.CreateContactWithSupportDateTest">
        <test-method is-config="true" signature="launchTheBrowser(java.lang.String)[pri:0, instance:com.Vtiger.ContactTest.CreateContactWithSupportDateTest@6989da5e]" started-at="2024-05-23T13:00:46 IST" name="launchTheBrowser" finished-at="2024-05-23T13:00:49 IST" duration-ms="2556" status="PASS">
          <params>
            <param index="0">
              <value>
                <![CDATA[chrome]]>
              </value>
            </param>
          </params>
          <reporter-output>
          </reporter-output>
        </test-method> <!-- launchTheBrowser -->
        <test-method is-config="true" signature="toLogin()[pri:0, instance:com.Vtiger.ContactTest.CreateContactWithSupportDateTest@6989da5e]" started-at="2024-05-23T13:00:49 IST" name="toLogin" finished-at="2024-05-23T13:00:53 IST" duration-ms="4817" status="PASS">
          <reporter-output>
          </reporter-output>
        </test-method> <!-- toLogin -->
        <test-method signature="toCreateContactWithSupportDate()[pri:0, instance:com.Vtiger.ContactTest.CreateContactWithSupportDateTest@6989da5e]" started-at="2024-05-23T13:00:53 IST" name="toCreateContactWithSupportDate" finished-at="2024-05-23T13:01:11 IST" duration-ms="17622" status="PASS">
          <reporter-output>
          </reporter-output>
        </test-method> <!-- toCreateContactWithSupportDate -->
        <test-method is-config="true" signature="toLogout()[pri:0, instance:com.Vtiger.ContactTest.CreateContactWithSupportDateTest@6989da5e]" started-at="2024-05-23T13:01:11 IST" name="toLogout" finished-at="2024-05-23T13:01:13 IST" duration-ms="2364" status="PASS">
          <reporter-output>
          </reporter-output>
        </test-method> <!-- toLogout -->
        <test-method is-config="true" signature="toCloseBrowser()[pri:0, instance:com.Vtiger.ContactTest.CreateContactWithSupportDateTest@6989da5e]" started-at="2024-05-23T13:01:13 IST" name="toCloseBrowser" finished-at="2024-05-23T13:01:14 IST" duration-ms="366" status="PASS">
          <reporter-output>
          </reporter-output>
        </test-method> <!-- toCloseBrowser -->
      </class> <!-- com.Vtiger.ContactTest.CreateContactWithSupportDateTest -->
      <class name="com.Vtiger.ContactTest.CreateContactTest">
        <test-method is-config="true" signature="launchTheBrowser(java.lang.String)[pri:0, instance:com.Vtiger.ContactTest.CreateContactTest@3eb25e1a]" started-at="2024-05-23T13:01:39 IST" name="launchTheBrowser" finished-at="2024-05-23T13:01:41 IST" duration-ms="1236" status="PASS">
          <params>
            <param index="0">
              <value>
                <![CDATA[chrome]]>
              </value>
            </param>
          </params>
          <reporter-output>
          </reporter-output>
        </test-method> <!-- launchTheBrowser -->
        <test-method is-config="true" signature="toLogin()[pri:0, instance:com.Vtiger.ContactTest.CreateContactTest@3eb25e1a]" started-at="2024-05-23T13:01:41 IST" name="toLogin" finished-at="2024-05-23T13:01:45 IST" duration-ms="4667" status="PASS">
          <reporter-output>
          </reporter-output>
        </test-method> <!-- toLogin -->
        <test-method signature="toCreateContact()[pri:0, instance:com.Vtiger.ContactTest.CreateContactTest@3eb25e1a]" started-at="2024-05-23T13:01:45 IST" name="toCreateContact" finished-at="2024-05-23T13:01:59 IST" duration-ms="13581" status="PASS">
          <reporter-output>
          </reporter-output>
        </test-method> <!-- toCreateContact -->
        <test-method is-config="true" signature="toLogout()[pri:0, instance:com.Vtiger.ContactTest.CreateContactTest@3eb25e1a]" started-at="2024-05-23T13:01:59 IST" name="toLogout" finished-at="2024-05-23T13:02:01 IST" duration-ms="2194" status="PASS">
          <reporter-output>
          </reporter-output>
        </test-method> <!-- toLogout -->
        <test-method is-config="true" signature="toCloseBrowser()[pri:0, instance:com.Vtiger.ContactTest.CreateContactTest@3eb25e1a]" started-at="2024-05-23T13:02:01 IST" name="toCloseBrowser" finished-at="2024-05-23T13:02:01 IST" duration-ms="234" status="PASS">
          <reporter-output>
          </reporter-output>
        </test-method> <!-- toCloseBrowser -->
      </class> <!-- com.Vtiger.ContactTest.CreateContactTest -->
    </test> <!-- Test -->
  </suite> <!-- Suite -->
</testng-results>
